<?xml version="1.0" encoding="UTF-8"?>
<coverage generated="1684276262">
  <project timestamp="1684276262">
    <file name="C:\Users\michaelbarlund\Documents\Projects\svc-sdk-php\src\AuthService.php">
      <class name="CVLB\Svc\Api\AuthService" namespace="global">
        <metrics complexity="12" methods="8" coveredmethods="8" conditionals="0" coveredconditionals="0" statements="41" coveredstatements="41" elements="49" coveredelements="49"/>
      </class>
      <line num="47" type="method" name="__construct" visibility="public" complexity="1" crap="1" count="4"/>
      <line num="49" type="stmt" count="4"/>
      <line num="50" type="stmt" count="4"/>
      <line num="51" type="stmt" count="4"/>
      <line num="52" type="stmt" count="4"/>
      <line num="58" type="method" name="getClientId" visibility="public" complexity="1" crap="1" count="1"/>
      <line num="60" type="stmt" count="1"/>
      <line num="67" type="method" name="getAccessToken" visibility="public" complexity="2" crap="2" count="3"/>
      <line num="69" type="stmt" count="3"/>
      <line num="70" type="stmt" count="1"/>
      <line num="72" type="stmt" count="2"/>
      <line num="74" type="stmt" count="2"/>
      <line num="76" type="stmt" count="2"/>
      <line num="86" type="method" name="getJwt" visibility="private" complexity="4" crap="4" count="2"/>
      <line num="88" type="stmt" count="2"/>
      <line num="89" type="stmt" count="2"/>
      <line num="91" type="stmt" count="2"/>
      <line num="97" type="stmt" count="2"/>
      <line num="98" type="stmt" count="1"/>
      <line num="100" type="stmt" count="2"/>
      <line num="102" type="stmt" count="1"/>
      <line num="109" type="stmt" count="1"/>
      <line num="110" type="stmt" count="1"/>
      <line num="113" type="stmt" count="2"/>
      <line num="122" type="method" name="storeAccessToken" visibility="private" complexity="1" crap="1" count="2"/>
      <line num="125" type="stmt" count="2"/>
      <line num="132" type="method" name="setBody" visibility="private" complexity="1" crap="1" count="2"/>
      <line num="134" type="stmt" count="2"/>
      <line num="135" type="stmt" count="2"/>
      <line num="136" type="stmt" count="2"/>
      <line num="137" type="stmt" count="2"/>
      <line num="145" type="method" name="setHeaders" visibility="private" complexity="1" crap="1" count="2"/>
      <line num="147" type="stmt" count="2"/>
      <line num="148" type="stmt" count="2"/>
      <line num="149" type="stmt" count="2"/>
      <line num="150" type="stmt" count="2"/>
      <line num="159" type="method" name="makeCurlRequest" visibility="public" complexity="1" crap="1" count="1"/>
      <line num="161" type="stmt" count="1"/>
      <line num="162" type="stmt" count="1"/>
      <line num="163" type="stmt" count="1"/>
      <line num="164" type="stmt" count="1"/>
      <line num="165" type="stmt" count="1"/>
      <line num="166" type="stmt" count="1"/>
      <line num="167" type="stmt" count="1"/>
      <line num="168" type="stmt" count="1"/>
      <line num="169" type="stmt" count="1"/>
      <line num="170" type="stmt" count="1"/>
      <line num="172" type="stmt" count="1"/>
      <line num="174" type="stmt" count="1"/>
      <metrics loc="176" ncloc="110" classes="1" methods="8" coveredmethods="8" conditionals="0" coveredconditionals="0" statements="41" coveredstatements="41" elements="49" coveredelements="49"/>
    </file>
    <file name="C:\Users\michaelbarlund\Documents\Projects\svc-sdk-php\src\Auth\AuthToken.php">
      <class name="CVLB\Svc\Api\Auth\AuthToken" namespace="global">
        <metrics complexity="5" methods="5" coveredmethods="5" conditionals="0" coveredconditionals="0" statements="6" coveredstatements="6" elements="11" coveredelements="11"/>
      </class>
      <line num="20" type="method" name="__construct" visibility="public" complexity="1" crap="1" count="2"/>
      <line num="22" type="stmt" count="2"/>
      <line num="23" type="stmt" count="2"/>
      <line num="30" type="method" name="setToken" visibility="private" complexity="1" crap="1" count="2"/>
      <line num="32" type="stmt" count="2"/>
      <line num="38" type="method" name="getToken" visibility="public" complexity="1" crap="1" count="2"/>
      <line num="40" type="stmt" count="2"/>
      <line num="47" type="method" name="setExpire" visibility="private" complexity="1" crap="1" count="2"/>
      <line num="49" type="stmt" count="2"/>
      <line num="55" type="method" name="getExpire" visibility="public" complexity="1" crap="1" count="2"/>
      <line num="57" type="stmt" count="2"/>
      <metrics loc="59" ncloc="36" classes="1" methods="5" coveredmethods="5" conditionals="0" coveredconditionals="0" statements="6" coveredstatements="6" elements="11" coveredelements="11"/>
    </file>
    <file name="C:\Users\michaelbarlund\Documents\Projects\svc-sdk-php\src\ClientBuilder.php">
      <class name="CVLB\Svc\Api\ClientBuilder" namespace="global">
        <metrics complexity="6" methods="3" coveredmethods="3" conditionals="0" coveredconditionals="0" statements="10" coveredstatements="10" elements="13" coveredelements="13"/>
      </class>
      <line num="23" type="method" name="__construct" visibility="public" complexity="4" crap="4" count="2"/>
      <line num="28" type="stmt" count="2"/>
      <line num="29" type="stmt" count="2"/>
      <line num="30" type="stmt" count="2"/>
      <line num="33" type="method" name="addPlugin" visibility="public" complexity="1" crap="1" count="1"/>
      <line num="35" type="stmt" count="1"/>
      <line num="38" type="method" name="getHttpClient" visibility="public" complexity="1" crap="1" count="1"/>
      <line num="40" type="stmt" count="1"/>
      <line num="42" type="stmt" count="1"/>
      <line num="43" type="stmt" count="1"/>
      <line num="44" type="stmt" count="1"/>
      <line num="45" type="stmt" count="1"/>
      <line num="46" type="stmt" count="1"/>
      <metrics loc="48" ncloc="48" classes="1" methods="3" coveredmethods="3" conditionals="0" coveredconditionals="0" statements="10" coveredstatements="10" elements="13" coveredelements="13"/>
    </file>
    <file name="C:\Users\michaelbarlund\Documents\Projects\svc-sdk-php\src\HttpClient\Message\ResponseMediator.php">
      <class name="CVLB\Svc\Api\HttpClient\Message\ResponseMediator" namespace="global">
        <metrics complexity="1" methods="1" coveredmethods="1" conditionals="0" coveredconditionals="0" statements="1" coveredstatements="1" elements="2" coveredelements="2"/>
      </class>
      <line num="9" type="method" name="getContent" visibility="public" complexity="1" crap="1" count="16"/>
      <line num="11" type="stmt" count="16"/>
      <metrics loc="13" ncloc="13" classes="1" methods="1" coveredmethods="1" conditionals="0" coveredconditionals="0" statements="1" coveredstatements="1" elements="2" coveredelements="2"/>
    </file>
    <file name="C:\Users\michaelbarlund\Documents\Projects\svc-sdk-php\src\Sdk.php">
      <class name="CVLB\Svc\Api\Sdk" namespace="global">
        <metrics complexity="8" methods="6" coveredmethods="5" conditionals="0" coveredconditionals="0" statements="18" coveredstatements="17" elements="24" coveredelements="22"/>
      </class>
      <line num="37" type="method" name="__construct" visibility="public" complexity="3" crap="3" count="4"/>
      <line num="39" type="stmt" count="4"/>
      <line num="40" type="stmt" count="4"/>
      <line num="41" type="stmt" count="4"/>
      <line num="48" type="stmt" count="4"/>
      <line num="56" type="stmt" count="4"/>
      <line num="57" type="stmt" count="4"/>
      <line num="58" type="stmt" count="4"/>
      <line num="59" type="stmt" count="4"/>
      <line num="60" type="stmt" count="4"/>
      <line num="61" type="stmt" count="4"/>
      <line num="62" type="stmt" count="4"/>
      <line num="63" type="stmt" count="4"/>
      <line num="64" type="stmt" count="4"/>
      <line num="70" type="method" name="getAUth" visibility="public" complexity="1" crap="1" count="4"/>
      <line num="72" type="stmt" count="4"/>
      <line num="78" type="method" name="getHttpClient" visibility="public" complexity="1" crap="1" count="1"/>
      <line num="80" type="stmt" count="1"/>
      <line num="86" type="method" name="logging" visibility="public" complexity="1" crap="1" count="1"/>
      <line num="88" type="stmt" count="1"/>
      <line num="94" type="method" name="notify" visibility="public" complexity="1" crap="1" count="1"/>
      <line num="96" type="stmt" count="1"/>
      <line num="102" type="method" name="dse" visibility="public" complexity="1" crap="2" count="0"/>
      <line num="104" type="stmt" count="0"/>
      <metrics loc="106" ncloc="66" classes="1" methods="6" coveredmethods="5" conditionals="0" coveredconditionals="0" statements="18" coveredstatements="17" elements="24" coveredelements="22"/>
    </file>
    <file name="C:\Users\michaelbarlund\Documents\Projects\svc-sdk-php\src\Services\DataSegmentation\DataSegmentation.php">
      <class name="CVLB\Svc\Api\Services\DataSegmentation\DataSegmentation" namespace="global">
        <metrics complexity="19" methods="10" coveredmethods="1" conditionals="0" coveredconditionals="0" statements="100" coveredstatements="73" elements="110" coveredelements="74"/>
      </class>
      <line num="38" type="method" name="__construct" visibility="public" complexity="1" crap="1" count="10"/>
      <line num="40" type="stmt" count="10"/>
      <line num="41" type="stmt" count="10"/>
      <line num="42" type="stmt" count="10"/>
      <line num="49" type="method" name="get_lists" visibility="public" complexity="2" crap="2.11" count="1"/>
      <line num="52" type="stmt" count="1"/>
      <line num="53" type="stmt" count="1"/>
      <line num="54" type="stmt" count="1"/>
      <line num="55" type="stmt" count="1"/>
      <line num="56" type="stmt" count="1"/>
      <line num="57" type="stmt" count="1"/>
      <line num="58" type="stmt" count="1"/>
      <line num="60" type="stmt" count="0"/>
      <line num="62" type="stmt" count="0"/>
      <line num="65" type="stmt" count="0"/>
      <line num="75" type="method" name="search_lists" visibility="public" complexity="2" crap="2.06" count="1"/>
      <line num="78" type="stmt" count="1"/>
      <line num="79" type="stmt" count="1"/>
      <line num="80" type="stmt" count="1"/>
      <line num="81" type="stmt" count="1"/>
      <line num="82" type="stmt" count="1"/>
      <line num="83" type="stmt" count="1"/>
      <line num="84" type="stmt" count="1"/>
      <line num="85" type="stmt" count="1"/>
      <line num="86" type="stmt" count="1"/>
      <line num="88" type="stmt" count="0"/>
      <line num="90" type="stmt" count="0"/>
      <line num="93" type="stmt" count="0"/>
      <line num="101" type="method" name="refresh_lists" visibility="public" complexity="2" crap="2.11" count="1"/>
      <line num="104" type="stmt" count="1"/>
      <line num="105" type="stmt" count="1"/>
      <line num="106" type="stmt" count="1"/>
      <line num="107" type="stmt" count="1"/>
      <line num="108" type="stmt" count="1"/>
      <line num="109" type="stmt" count="1"/>
      <line num="110" type="stmt" count="1"/>
      <line num="112" type="stmt" count="0"/>
      <line num="114" type="stmt" count="0"/>
      <line num="117" type="stmt" count="0"/>
      <line num="126" type="method" name="query" visibility="public" complexity="2" crap="2.08" count="1"/>
      <line num="129" type="stmt" count="1"/>
      <line num="130" type="stmt" count="1"/>
      <line num="131" type="stmt" count="1"/>
      <line num="132" type="stmt" count="1"/>
      <line num="133" type="stmt" count="1"/>
      <line num="134" type="stmt" count="1"/>
      <line num="135" type="stmt" count="1"/>
      <line num="136" type="stmt" count="1"/>
      <line num="138" type="stmt" count="0"/>
      <line num="140" type="stmt" count="0"/>
      <line num="143" type="stmt" count="0"/>
      <line num="155" type="method" name="create_list" visibility="public" complexity="2" crap="2.06" count="1"/>
      <line num="158" type="stmt" count="1"/>
      <line num="159" type="stmt" count="1"/>
      <line num="160" type="stmt" count="1"/>
      <line num="161" type="stmt" count="1"/>
      <line num="162" type="stmt" count="1"/>
      <line num="163" type="stmt" count="1"/>
      <line num="164" type="stmt" count="1"/>
      <line num="165" type="stmt" count="1"/>
      <line num="166" type="stmt" count="1"/>
      <line num="168" type="stmt" count="0"/>
      <line num="170" type="stmt" count="0"/>
      <line num="173" type="stmt" count="0"/>
      <line num="182" type="method" name="view_list" visibility="public" complexity="2" crap="2.11" count="1"/>
      <line num="185" type="stmt" count="1"/>
      <line num="186" type="stmt" count="1"/>
      <line num="187" type="stmt" count="1"/>
      <line num="188" type="stmt" count="1"/>
      <line num="189" type="stmt" count="1"/>
      <line num="190" type="stmt" count="1"/>
      <line num="191" type="stmt" count="1"/>
      <line num="193" type="stmt" count="0"/>
      <line num="195" type="stmt" count="0"/>
      <line num="198" type="stmt" count="0"/>
      <line num="211" type="method" name="update_list" visibility="public" complexity="2" crap="2.06" count="1"/>
      <line num="214" type="stmt" count="1"/>
      <line num="215" type="stmt" count="1"/>
      <line num="216" type="stmt" count="1"/>
      <line num="217" type="stmt" count="1"/>
      <line num="218" type="stmt" count="1"/>
      <line num="219" type="stmt" count="1"/>
      <line num="220" type="stmt" count="1"/>
      <line num="221" type="stmt" count="1"/>
      <line num="222" type="stmt" count="1"/>
      <line num="224" type="stmt" count="0"/>
      <line num="226" type="stmt" count="0"/>
      <line num="229" type="stmt" count="0"/>
      <line num="238" type="method" name="refresh_list" visibility="public" complexity="2" crap="2.11" count="1"/>
      <line num="241" type="stmt" count="1"/>
      <line num="242" type="stmt" count="1"/>
      <line num="243" type="stmt" count="1"/>
      <line num="244" type="stmt" count="1"/>
      <line num="245" type="stmt" count="1"/>
      <line num="246" type="stmt" count="1"/>
      <line num="247" type="stmt" count="1"/>
      <line num="249" type="stmt" count="0"/>
      <line num="251" type="stmt" count="0"/>
      <line num="254" type="stmt" count="0"/>
      <line num="263" type="method" name="delete_list" visibility="public" complexity="2" crap="2.11" count="1"/>
      <line num="266" type="stmt" count="1"/>
      <line num="267" type="stmt" count="1"/>
      <line num="268" type="stmt" count="1"/>
      <line num="269" type="stmt" count="1"/>
      <line num="270" type="stmt" count="1"/>
      <line num="271" type="stmt" count="1"/>
      <line num="272" type="stmt" count="1"/>
      <line num="274" type="stmt" count="0"/>
      <line num="276" type="stmt" count="0"/>
      <line num="279" type="stmt" count="0"/>
      <metrics loc="282" ncloc="198" classes="1" methods="10" coveredmethods="1" conditionals="0" coveredconditionals="0" statements="100" coveredstatements="73" elements="110" coveredelements="74"/>
    </file>
    <file name="C:\Users\michaelbarlund\Documents\Projects\svc-sdk-php\src\Services\Logging\Logging.php">
      <class name="CVLB\Svc\Api\Services\Logging\Logging" namespace="global">
        <metrics complexity="9" methods="7" coveredmethods="6" conditionals="0" coveredconditionals="0" statements="33" coveredstatements="30" elements="40" coveredelements="36"/>
      </class>
      <line num="43" type="method" name="__construct" visibility="public" complexity="1" crap="1" count="3"/>
      <line num="45" type="stmt" count="3"/>
      <line num="46" type="stmt" count="3"/>
      <line num="47" type="stmt" count="3"/>
      <line num="57" type="method" name="put" visibility="public" complexity="2" crap="2" count="2"/>
      <line num="60" type="stmt" count="2"/>
      <line num="62" type="stmt" count="1"/>
      <line num="64" type="stmt" count="1"/>
      <line num="67" type="stmt" count="1"/>
      <line num="77" type="method" name="setData" visibility="private" complexity="1" crap="1" count="2"/>
      <line num="79" type="stmt" count="2"/>
      <line num="80" type="stmt" count="2"/>
      <line num="81" type="stmt" count="2"/>
      <line num="82" type="stmt" count="2"/>
      <line num="83" type="stmt" count="2"/>
      <line num="84" type="stmt" count="2"/>
      <line num="92" type="method" name="getContext" visibility="private" complexity="1" crap="1" count="2"/>
      <line num="94" type="stmt" count="2"/>
      <line num="95" type="stmt" count="2"/>
      <line num="96" type="stmt" count="2"/>
      <line num="97" type="stmt" count="2"/>
      <line num="98" type="stmt" count="2"/>
      <line num="99" type="stmt" count="2"/>
      <line num="100" type="stmt" count="2"/>
      <line num="101" type="stmt" count="2"/>
      <line num="102" type="stmt" count="2"/>
      <line num="103" type="stmt" count="2"/>
      <line num="116" type="method" name="getDataDogContext" visibility="private" complexity="2" crap="2.31" count="2"/>
      <line num="121" type="stmt" count="2"/>
      <line num="124" type="stmt" count="2"/>
      <line num="127" type="stmt" count="2"/>
      <line num="128" type="stmt" count="0"/>
      <line num="129" type="stmt" count="0"/>
      <line num="130" type="stmt" count="0"/>
      <line num="133" type="stmt" count="2"/>
      <line num="140" type="method" name="findInstanceIp" visibility="private" complexity="1" crap="1" count="2"/>
      <line num="142" type="stmt" count="2"/>
      <line num="149" type="method" name="getHostname" visibility="private" complexity="1" crap="1" count="2"/>
      <line num="151" type="stmt" count="2"/>
      <line num="152" type="stmt" count="2"/>
      <metrics loc="154" ncloc="93" classes="1" methods="7" coveredmethods="6" conditionals="0" coveredconditionals="0" statements="33" coveredstatements="30" elements="40" coveredelements="36"/>
    </file>
    <file name="C:\Users\michaelbarlund\Documents\Projects\svc-sdk-php\src\Services\Notify\Notify.php">
      <class name="CVLB\Svc\Api\Services\Notify\Notify" namespace="global">
        <metrics complexity="5" methods="5" coveredmethods="5" conditionals="0" coveredconditionals="0" statements="6" coveredstatements="6" elements="11" coveredelements="11"/>
      </class>
      <line num="36" type="method" name="__construct" visibility="public" complexity="1" crap="1" count="34"/>
      <line num="38" type="stmt" count="34"/>
      <line num="39" type="stmt" count="34"/>
      <line num="45" type="method" name="chat" visibility="public" complexity="1" crap="1" count="1"/>
      <line num="47" type="stmt" count="1"/>
      <line num="53" type="method" name="email" visibility="public" complexity="1" crap="1" count="1"/>
      <line num="55" type="stmt" count="1"/>
      <line num="61" type="method" name="sms" visibility="public" complexity="1" crap="1" count="1"/>
      <line num="63" type="stmt" count="1"/>
      <line num="69" type="method" name="push" visibility="public" complexity="1" crap="1" count="1"/>
      <line num="71" type="stmt" count="1"/>
      <metrics loc="74" ncloc="50" classes="1" methods="5" coveredmethods="5" conditionals="0" coveredconditionals="0" statements="6" coveredstatements="6" elements="11" coveredelements="11"/>
    </file>
    <file name="C:\Users\michaelbarlund\Documents\Projects\svc-sdk-php\src\Services\Notify\Protocols\AbstractProtocol.php">
      <class name="CVLB\Svc\Api\Services\Notify\Protocols\AbstractProtocol" namespace="global">
        <metrics complexity="7" methods="7" coveredmethods="7" conditionals="0" coveredconditionals="0" statements="9" coveredstatements="9" elements="16" coveredelements="16"/>
      </class>
      <line num="50" type="method" name="setUri" visibility="public" complexity="1" crap="1" count="5"/>
      <line num="52" type="stmt" count="5"/>
      <line num="59" type="method" name="getUri" visibility="public" complexity="1" crap="1" count="2"/>
      <line num="61" type="stmt" count="2"/>
      <line num="70" type="method" name="setHeader" visibility="public" complexity="1" crap="1" count="5"/>
      <line num="72" type="stmt" count="5"/>
      <line num="74" type="stmt" count="5"/>
      <line num="82" type="method" name="unsetHeader" visibility="public" complexity="1" crap="1" count="1"/>
      <line num="84" type="stmt" count="1"/>
      <line num="86" type="stmt" count="1"/>
      <line num="93" type="method" name="getHeaders" visibility="public" complexity="1" crap="1" count="10"/>
      <line num="95" type="stmt" count="10"/>
      <line num="103" type="method" name="setVerbose" visibility="public" complexity="1" crap="1" count="1"/>
      <line num="105" type="stmt" count="1"/>
      <line num="112" type="method" name="getVerbose" visibility="public" complexity="1" crap="1" count="10"/>
      <line num="114" type="stmt" count="10"/>
      <metrics loc="117" ncloc="63" classes="1" methods="7" coveredmethods="7" conditionals="0" coveredconditionals="0" statements="9" coveredstatements="9" elements="16" coveredelements="16"/>
    </file>
    <file name="C:\Users\michaelbarlund\Documents\Projects\svc-sdk-php\src\Services\Notify\Protocols\Chat\AbstractChatService.php">
      <class name="CVLB\Svc\Api\Services\Notify\Protocols\Chat\AbstractChatService" namespace="global">
        <metrics complexity="1" methods="1" coveredmethods="1" conditionals="0" coveredconditionals="0" statements="3" coveredstatements="3" elements="4" coveredelements="4"/>
      </class>
      <line num="19" type="method" name="__construct" visibility="protected" complexity="1" crap="1" count="1"/>
      <line num="21" type="stmt" count="1"/>
      <line num="22" type="stmt" count="1"/>
      <line num="23" type="stmt" count="1"/>
      <metrics loc="41" ncloc="22" classes="1" methods="1" coveredmethods="1" conditionals="0" coveredconditionals="0" statements="3" coveredstatements="3" elements="4" coveredelements="4"/>
    </file>
    <file name="C:\Users\michaelbarlund\Documents\Projects\svc-sdk-php\src\Services\Notify\Protocols\Chat\Chat.php">
      <class name="CVLB\Svc\Api\Services\Notify\Protocols\Chat\Chat" namespace="global">
        <metrics complexity="2" methods="2" coveredmethods="2" conditionals="0" coveredconditionals="0" statements="2" coveredstatements="2" elements="4" coveredelements="4"/>
      </class>
      <line num="17" type="method" name="__construct" visibility="public" complexity="1" crap="1" count="13"/>
      <line num="19" type="stmt" count="13"/>
      <line num="25" type="method" name="slack" visibility="public" complexity="1" crap="1" count="12"/>
      <line num="27" type="stmt" count="12"/>
      <metrics loc="29" ncloc="20" classes="1" methods="2" coveredmethods="2" conditionals="0" coveredconditionals="0" statements="2" coveredstatements="2" elements="4" coveredelements="4"/>
    </file>
    <file name="C:\Users\michaelbarlund\Documents\Projects\svc-sdk-php\src\Services\Notify\Protocols\Chat\SlackService.php">
      <class name="CVLB\Svc\Api\Services\Notify\Protocols\Chat\SlackService" namespace="global">
        <metrics complexity="5" methods="3" coveredmethods="3" conditionals="0" coveredconditionals="0" statements="19" coveredstatements="19" elements="22" coveredelements="22"/>
      </class>
      <line num="26" type="method" name="getInstance" visibility="public" complexity="2" crap="2" count="12"/>
      <line num="28" type="stmt" count="12"/>
      <line num="29" type="stmt" count="1"/>
      <line num="31" type="stmt" count="12"/>
      <line num="40" type="method" name="send" visibility="public" complexity="2" crap="2" count="2"/>
      <line num="43" type="stmt" count="2"/>
      <line num="44" type="stmt" count="2"/>
      <line num="46" type="stmt" count="1"/>
      <line num="47" type="stmt" count="1"/>
      <line num="48" type="stmt" count="1"/>
      <line num="49" type="stmt" count="1"/>
      <line num="50" type="stmt" count="1"/>
      <line num="51" type="stmt" count="1"/>
      <line num="52" type="stmt" count="1"/>
      <line num="54" type="stmt" count="1"/>
      <line num="56" type="stmt" count="1"/>
      <line num="65" type="method" name="setBody" visibility="public" complexity="1" crap="1" count="3"/>
      <line num="67" type="stmt" count="3"/>
      <line num="68" type="stmt" count="3"/>
      <line num="69" type="stmt" count="3"/>
      <line num="70" type="stmt" count="3"/>
      <line num="71" type="stmt" count="3"/>
      <metrics loc="73" ncloc="48" classes="1" methods="3" coveredmethods="3" conditionals="0" coveredconditionals="0" statements="19" coveredstatements="19" elements="22" coveredelements="22"/>
    </file>
    <file name="C:\Users\michaelbarlund\Documents\Projects\svc-sdk-php\src\Services\Notify\Protocols\Email\AbstractEmailService.php">
      <class name="CVLB\Svc\Api\Services\Notify\Protocols\Email\AbstractEmailService" namespace="global">
        <metrics complexity="1" methods="1" coveredmethods="1" conditionals="0" coveredconditionals="0" statements="3" coveredstatements="3" elements="4" coveredelements="4"/>
      </class>
      <line num="19" type="method" name="__construct" visibility="protected" complexity="1" crap="1" count="2"/>
      <line num="21" type="stmt" count="2"/>
      <line num="22" type="stmt" count="2"/>
      <line num="23" type="stmt" count="2"/>
      <metrics loc="39" ncloc="22" classes="1" methods="1" coveredmethods="1" conditionals="0" coveredconditionals="0" statements="3" coveredstatements="3" elements="4" coveredelements="4"/>
    </file>
    <file name="C:\Users\michaelbarlund\Documents\Projects\svc-sdk-php\src\Services\Notify\Protocols\Email\Email.php">
      <class name="CVLB\Svc\Api\Services\Notify\Protocols\Email\Email" namespace="global">
        <metrics complexity="3" methods="3" coveredmethods="3" conditionals="0" coveredconditionals="0" statements="3" coveredstatements="3" elements="6" coveredelements="6"/>
      </class>
      <line num="17" type="method" name="__construct" visibility="public" complexity="1" crap="1" count="11"/>
      <line num="19" type="stmt" count="11"/>
      <line num="25" type="method" name="ses" visibility="public" complexity="1" crap="1" count="5"/>
      <line num="27" type="stmt" count="5"/>
      <line num="33" type="method" name="sendpulse" visibility="public" complexity="1" crap="1" count="5"/>
      <line num="35" type="stmt" count="5"/>
      <metrics loc="37" ncloc="25" classes="1" methods="3" coveredmethods="3" conditionals="0" coveredconditionals="0" statements="3" coveredstatements="3" elements="6" coveredelements="6"/>
    </file>
    <file name="C:\Users\michaelbarlund\Documents\Projects\svc-sdk-php\src\Services\Notify\Protocols\Email\SendPulseService.php">
      <class name="CVLB\Svc\Api\Services\Notify\Protocols\Email\SendPulseService" namespace="global">
        <metrics complexity="5" methods="3" coveredmethods="3" conditionals="0" coveredconditionals="0" statements="25" coveredstatements="25" elements="28" coveredelements="28"/>
      </class>
      <line num="27" type="method" name="getInstance" visibility="public" complexity="2" crap="2" count="5"/>
      <line num="29" type="stmt" count="5"/>
      <line num="30" type="stmt" count="1"/>
      <line num="32" type="stmt" count="5"/>
      <line num="41" type="method" name="send" visibility="public" complexity="2" crap="2" count="2"/>
      <line num="44" type="stmt" count="2"/>
      <line num="45" type="stmt" count="2"/>
      <line num="47" type="stmt" count="1"/>
      <line num="48" type="stmt" count="1"/>
      <line num="49" type="stmt" count="1"/>
      <line num="50" type="stmt" count="1"/>
      <line num="51" type="stmt" count="1"/>
      <line num="52" type="stmt" count="1"/>
      <line num="53" type="stmt" count="1"/>
      <line num="55" type="stmt" count="1"/>
      <line num="57" type="stmt" count="1"/>
      <line num="66" type="method" name="setBody" visibility="public" complexity="1" crap="1" count="3"/>
      <line num="68" type="stmt" count="3"/>
      <line num="69" type="stmt" count="3"/>
      <line num="70" type="stmt" count="3"/>
      <line num="71" type="stmt" count="3"/>
      <line num="72" type="stmt" count="3"/>
      <line num="73" type="stmt" count="3"/>
      <line num="74" type="stmt" count="3"/>
      <line num="75" type="stmt" count="3"/>
      <line num="76" type="stmt" count="3"/>
      <line num="77" type="stmt" count="3"/>
      <line num="78" type="stmt" count="3"/>
      <metrics loc="80" ncloc="55" classes="1" methods="3" coveredmethods="3" conditionals="0" coveredconditionals="0" statements="25" coveredstatements="25" elements="28" coveredelements="28"/>
    </file>
    <file name="C:\Users\michaelbarlund\Documents\Projects\svc-sdk-php\src\Services\Notify\Protocols\Email\SesService.php">
      <class name="CVLB\Svc\Api\Services\Notify\Protocols\Email\SesService" namespace="global">
        <metrics complexity="5" methods="3" coveredmethods="3" conditionals="0" coveredconditionals="0" statements="25" coveredstatements="25" elements="28" coveredelements="28"/>
      </class>
      <line num="27" type="method" name="getInstance" visibility="public" complexity="2" crap="2" count="5"/>
      <line num="29" type="stmt" count="5"/>
      <line num="30" type="stmt" count="1"/>
      <line num="32" type="stmt" count="5"/>
      <line num="41" type="method" name="send" visibility="public" complexity="2" crap="2" count="2"/>
      <line num="44" type="stmt" count="2"/>
      <line num="45" type="stmt" count="2"/>
      <line num="47" type="stmt" count="1"/>
      <line num="48" type="stmt" count="1"/>
      <line num="49" type="stmt" count="1"/>
      <line num="50" type="stmt" count="1"/>
      <line num="51" type="stmt" count="1"/>
      <line num="52" type="stmt" count="1"/>
      <line num="53" type="stmt" count="1"/>
      <line num="55" type="stmt" count="1"/>
      <line num="57" type="stmt" count="1"/>
      <line num="66" type="method" name="setBody" visibility="public" complexity="1" crap="1" count="3"/>
      <line num="68" type="stmt" count="3"/>
      <line num="69" type="stmt" count="3"/>
      <line num="70" type="stmt" count="3"/>
      <line num="71" type="stmt" count="3"/>
      <line num="72" type="stmt" count="3"/>
      <line num="73" type="stmt" count="3"/>
      <line num="74" type="stmt" count="3"/>
      <line num="75" type="stmt" count="3"/>
      <line num="76" type="stmt" count="3"/>
      <line num="77" type="stmt" count="3"/>
      <line num="78" type="stmt" count="3"/>
      <metrics loc="80" ncloc="55" classes="1" methods="3" coveredmethods="3" conditionals="0" coveredconditionals="0" statements="25" coveredstatements="25" elements="28" coveredelements="28"/>
    </file>
    <file name="C:\Users\michaelbarlund\Documents\Projects\svc-sdk-php\src\Services\Notify\Protocols\Push\Push.php">
      <class name="CVLB\Svc\Api\Services\Notify\Protocols\Push\Push" namespace="global">
        <metrics complexity="1" methods="1" coveredmethods="1" conditionals="0" coveredconditionals="0" statements="1" coveredstatements="1" elements="2" coveredelements="2"/>
      </class>
      <line num="17" type="method" name="__construct" visibility="public" complexity="1" crap="1" count="2"/>
      <line num="19" type="stmt" count="2"/>
      <metrics loc="21" ncloc="15" classes="1" methods="1" coveredmethods="1" conditionals="0" coveredconditionals="0" statements="1" coveredstatements="1" elements="2" coveredelements="2"/>
    </file>
    <file name="C:\Users\michaelbarlund\Documents\Projects\svc-sdk-php\src\Services\Notify\Protocols\Sms\AbstractSmsService.php">
      <class name="CVLB\Svc\Api\Services\Notify\Protocols\Sms\AbstractSmsService" namespace="global">
        <metrics complexity="1" methods="1" coveredmethods="1" conditionals="0" coveredconditionals="0" statements="3" coveredstatements="3" elements="4" coveredelements="4"/>
      </class>
      <line num="19" type="method" name="__construct" visibility="protected" complexity="1" crap="1" count="1"/>
      <line num="21" type="stmt" count="1"/>
      <line num="22" type="stmt" count="1"/>
      <line num="23" type="stmt" count="1"/>
      <metrics loc="41" ncloc="22" classes="1" methods="1" coveredmethods="1" conditionals="0" coveredconditionals="0" statements="3" coveredstatements="3" elements="4" coveredelements="4"/>
    </file>
    <file name="C:\Users\michaelbarlund\Documents\Projects\svc-sdk-php\src\Services\Notify\Protocols\Sms\Sms.php">
      <class name="CVLB\Svc\Api\Services\Notify\Protocols\Sms\Sms" namespace="global">
        <metrics complexity="2" methods="2" coveredmethods="2" conditionals="0" coveredconditionals="0" statements="2" coveredstatements="2" elements="4" coveredelements="4"/>
      </class>
      <line num="17" type="method" name="__construct" visibility="public" complexity="1" crap="1" count="6"/>
      <line num="19" type="stmt" count="6"/>
      <line num="25" type="method" name="twilio" visibility="public" complexity="1" crap="1" count="5"/>
      <line num="27" type="stmt" count="5"/>
      <metrics loc="29" ncloc="20" classes="1" methods="2" coveredmethods="2" conditionals="0" coveredconditionals="0" statements="2" coveredstatements="2" elements="4" coveredelements="4"/>
    </file>
    <file name="C:\Users\michaelbarlund\Documents\Projects\svc-sdk-php\src\Services\Notify\Protocols\Sms\TwilioService.php">
      <class name="CVLB\Svc\Api\Services\Notify\Protocols\Sms\TwilioService" namespace="global">
        <metrics complexity="5" methods="3" coveredmethods="3" conditionals="0" coveredconditionals="0" statements="20" coveredstatements="20" elements="23" coveredelements="23"/>
      </class>
      <line num="26" type="method" name="getInstance" visibility="public" complexity="2" crap="2" count="5"/>
      <line num="28" type="stmt" count="5"/>
      <line num="29" type="stmt" count="1"/>
      <line num="31" type="stmt" count="5"/>
      <line num="40" type="method" name="send" visibility="public" complexity="2" crap="2" count="2"/>
      <line num="43" type="stmt" count="2"/>
      <line num="44" type="stmt" count="2"/>
      <line num="46" type="stmt" count="1"/>
      <line num="47" type="stmt" count="1"/>
      <line num="48" type="stmt" count="1"/>
      <line num="49" type="stmt" count="1"/>
      <line num="50" type="stmt" count="1"/>
      <line num="51" type="stmt" count="1"/>
      <line num="52" type="stmt" count="1"/>
      <line num="54" type="stmt" count="1"/>
      <line num="56" type="stmt" count="1"/>
      <line num="65" type="method" name="setBody" visibility="public" complexity="1" crap="1" count="3"/>
      <line num="67" type="stmt" count="3"/>
      <line num="68" type="stmt" count="3"/>
      <line num="69" type="stmt" count="3"/>
      <line num="70" type="stmt" count="3"/>
      <line num="71" type="stmt" count="3"/>
      <line num="72" type="stmt" count="3"/>
      <metrics loc="74" ncloc="49" classes="1" methods="3" coveredmethods="3" conditionals="0" coveredconditionals="0" statements="20" coveredstatements="20" elements="23" coveredelements="23"/>
    </file>
    <metrics files="20" loc="1573" ncloc="1030" classes="20" methods="75" coveredmethods="64" conditionals="0" coveredconditionals="0" statements="330" coveredstatements="299" elements="405" coveredelements="363"/>
  </project>
</coverage>
